# JRE version: Java(TM) SE Runtime Environment (20.0.2+9) (build 20.0.2+9-78)
# Java VM: Java HotSpot(TM) 64-Bit Server VM (20.0.2+9-78, mixed mode, emulated-client, sharing, tiered, compressed oops, compressed class ptrs, g1 gc, windows-amd64)
GC Precious Log:
 CardTable entry size: 512
 Card Set container configuration: InlinePtr #cards 4 size 8 Array Of Cards #cards 16 size 48 Howl #buckets 8 coarsen threshold 3686 Howl Bitmap #cards 512 size 80 coarsen threshold 460 Card regions per heap region 1 cards per card region 4096
 CPUs: 8 total, 8 available
 Memory: 16167M
 Large Page Support: Disabled
 NUMA Support: Disabled
 Compressed Oops: Enabled (Zero based)
 Heap Region Size: 2M
 Heap Min Capacity: 8M
 Heap Initial Capacity: 254M
 Heap Max Capacity: 4042M
 Pre-touch: Disabled
 Parallel Workers: 8
 Concurrent Workers: 2
 Concurrent Refinement Workers: 8
 Periodic GC: Disabled
Heap:
 garbage-first heap   total 90112K, used 30248K [0x0000000703600000, 0x0000000800000000)
  region size 2048K, 4 young (8192K), 4 survivors (8192K)
 Metaspace       used 41218K, committed 41984K, reserved 1114112K
  class space    used 5965K, committed 6336K, reserved 1048576K
GC Heap History (15 events):
Event: 0.922 GC heap before
{Heap before GC invocations=0 (full 0):
 garbage-first heap   total 260096K, used 20480K [0x0000000703600000, 0x0000000800000000)
  region size 2048K, 11 young (22528K), 0 survivors (0K)
 Metaspace       used 1993K, committed 2240K, reserved 1114112K
  class space    used 252K, committed 384K, reserved 1048576K
}
Event: 0.932 GC heap after
{Heap after GC invocations=1 (full 0):
 garbage-first heap   total 260096K, used 9301K [0x0000000703600000, 0x0000000800000000)
  region size 2048K, 2 young (4096K), 2 survivors (4096K)
 Metaspace       used 1993K, committed 2240K, reserved 1114112K
  class space    used 252K, committed 384K, reserved 1048576K
}
Event: 1.657 GC heap before
{Heap before GC invocations=1 (full 0):
 garbage-first heap   total 260096K, used 27733K [0x0000000703600000, 0x0000000800000000)
  region size 2048K, 12 young (24576K), 2 survivors (4096K)
 Metaspace       used 6261K, committed 6464K, reserved 1114112K
  class space    used 783K, committed 896K, reserved 1048576K
}
Event: 1.666 GC heap after
{Heap after GC invocations=2 (full 0):
 garbage-first heap   total 260096K, used 13582K [0x0000000703600000, 0x0000000800000000)
  region size 2048K, 2 young (4096K), 2 survivors (4096K)
 Metaspace       used 6261K, committed 6464K, reserved 1114112K
  class space    used 783K, committed 896K, reserved 1048576K
}
Event: 5.624 GC heap before
{Heap before GC invocations=2 (full 0):
 garbage-first heap   total 260096K, used 62734K [0x0000000703600000, 0x0000000800000000)
  region size 2048K, 27 young (55296K), 2 survivors (4096K)
 Metaspace       used 18537K, committed 18944K, reserved 1114112K
  class space    used 2457K, committed 2688K, reserved 1048576K
}
Event: 5.634 GC heap after
{Heap after GC invocations=3 (full 0):
 garbage-first heap   total 260096K, used 16998K [0x0000000703600000, 0x0000000800000000)
  region size 2048K, 4 young (8192K), 4 survivors (8192K)
 Metaspace       used 18537K, committed 18944K, reserved 1114112K
  class space    used 2457K, committed 2688K, reserved 1048576K
}
Event: 6.043 GC heap before
{Heap before GC invocations=3 (full 0):
 garbage-first heap   total 260096K, used 45670K [0x0000000703600000, 0x0000000800000000)
  region size 2048K, 16 young (32768K), 4 survivors (8192K)
 Metaspace       used 20864K, committed 21248K, reserved 1114112K
  class space    used 2865K, committed 3008K, reserved 1048576K
}
Event: 6.051 GC heap after
{Heap after GC invocations=4 (full 0):
 garbage-first heap   total 260096K, used 21249K [0x0000000703600000, 0x0000000800000000)
  region size 2048K, 6 young (12288K), 6 survivors (12288K)
 Metaspace       used 20864K, committed 21248K, reserved 1114112K
  class space    used 2865K, committed 3008K, reserved 1048576K
}
Event: 7.043 GC heap before
{Heap before GC invocations=5 (full 0):
 garbage-first heap   total 90112K, used 62209K [0x0000000703600000, 0x0000000800000000)
  region size 2048K, 26 young (53248K), 6 survivors (12288K)
 Metaspace       used 23957K, committed 24320K, reserved 1114112K
  class space    used 3272K, committed 3456K, reserved 1048576K
}
Event: 7.057 GC heap after
{Heap after GC invocations=6 (full 0):
 garbage-first heap   total 90112K, used 19249K [0x0000000703600000, 0x0000000800000000)
  region size 2048K, 2 young (4096K), 2 survivors (4096K)
 Metaspace       used 23957K, committed 24320K, reserved 1114112K
  class space    used 3272K, committed 3456K, reserved 1048576K
}
Event: 9.230 GC heap before
{Heap before GC invocations=6 (full 0):
 garbage-first heap   total 90112K, used 68401K [0x0000000703600000, 0x0000000800000000)
  region size 2048K, 26 young (53248K), 2 survivors (4096K)
 Metaspace       used 27844K, committed 28288K, reserved 1114112K
  class space    used 3871K, committed 4032K, reserved 1048576K
}
Event: 9.245 GC heap after
{Heap after GC invocations=7 (full 0):
 garbage-first heap   total 90112K, used 22096K [0x0000000703600000, 0x0000000800000000)
  region size 2048K, 4 young (8192K), 4 survivors (8192K)
 Metaspace       used 27844K, committed 28288K, reserved 1114112K
  class space    used 3871K, committed 4032K, reserved 1048576K
}
Event: 12.259 GC heap before
{Heap before GC invocations=7 (full 0):
 garbage-first heap   total 90112K, used 61008K [0x0000000703600000, 0x0000000800000000)
  region size 2048K, 24 young (49152K), 4 survivors (8192K)
 Metaspace       used 35034K, committed 35520K, reserved 1114112K
  class space    used 4946K, committed 5184K, reserved 1048576K
}
Event: 12.293 GC heap after
{Heap after GC invocations=8 (full 0):
 garbage-first heap   total 90112K, used 25585K [0x0000000703600000, 0x0000000800000000)
  region size 2048K, 4 young (8192K), 4 survivors (8192K)
 Metaspace       used 35034K, committed 35520K, reserved 1114112K
  class space    used 4946K, committed 5184K, reserved 1048576K
}
Event: 17.995 GC heap before
{Heap before GC invocations=9 (full 0):
 garbage-first heap   total 90112K, used 70641K [0x0000000703600000, 0x0000000800000000)
  region size 2048K, 26 young (53248K), 4 survivors (8192K)
 Metaspace       used 41218K, committed 41984K, reserved 1114112K
  class space    used 5965K, committed 6336K, reserved 1048576K
}

