# JRE version: OpenJDK Runtime Environment Microsoft-13106358 (17.0.18+8) (build 17.0.18+8-LTS)
# Java VM: OpenJDK 64-Bit Server VM Microsoft-13106358 (17.0.18+8-LTS, mixed mode, emulated-client, sharing, tiered, compressed oops, compressed class ptrs, g1 gc, windows-amd64)
GC Precious Log:
 CPUs: 4 total, 4 available
 Memory: 8025M
 Large Page Support: Disabled
 NUMA Support: Disabled
 Compressed Oops: Enabled (32-bit)
 Heap Region Size: 1M
 Heap Min Capacity: 8M
 Heap Initial Capacity: 126M
 Heap Max Capacity: 2008M
 Pre-touch: Disabled
 Parallel Workers: 4
 Concurrent Workers: 1
 Concurrent Refinement Workers: 4
 Periodic GC: Disabled
Heap:
 garbage-first heap   total 208896K, used 185821K [0x0000000082800000, 0x0000000100000000)
  region size 1024K, 141 young (144384K), 16 survivors (16384K)
 Metaspace       used 84703K, committed 85440K, reserved 1179648K
  class space    used 12383K, committed 12736K, reserved 1048576K
GC Heap History (20 events):
Event: 21.161 GC heap after
{Heap after GC invocations=21 (full 0):
 garbage-first heap   total 81920K, used 45070K [0x0000000082800000, 0x0000000100000000)
  region size 1024K, 4 young (4096K), 4 survivors (4096K)
 Metaspace       used 66491K, committed 67136K, reserved 1114112K
  class space    used 9801K, committed 10112K, reserved 1048576K
}
Event: 21.527 GC heap before
{Heap before GC invocations=22 (full 0):
 garbage-first heap   total 96256K, used 64526K [0x0000000082800000, 0x0000000100000000)
  region size 1024K, 23 young (23552K), 4 survivors (4096K)
 Metaspace       used 68131K, committed 68736K, reserved 1114112K
  class space    used 10173K, committed 10432K, reserved 1048576K
}
Event: 21.533 GC heap after
{Heap after GC invocations=23 (full 0):
 garbage-first heap   total 96256K, used 46599K [0x0000000082800000, 0x0000000100000000)
  region size 1024K, 2 young (2048K), 2 survivors (2048K)
 Metaspace       used 68131K, committed 68736K, reserved 1114112K
  class space    used 10173K, committed 10432K, reserved 1048576K
}
Event: 21.547 GC heap before
{Heap before GC invocations=23 (full 0):
 garbage-first heap   total 96256K, used 47623K [0x0000000082800000, 0x0000000100000000)
  region size 1024K, 4 young (4096K), 2 survivors (2048K)
 Metaspace       used 68133K, committed 68736K, reserved 1114112K
  class space    used 10173K, committed 10432K, reserved 1048576K
}
Event: 21.549 GC heap after
{Heap after GC invocations=24 (full 0):
 garbage-first heap   total 96256K, used 46823K [0x0000000082800000, 0x0000000100000000)
  region size 1024K, 1 young (1024K), 1 survivors (1024K)
 Metaspace       used 68133K, committed 68736K, reserved 1114112K
  class space    used 10173K, committed 10432K, reserved 1048576K
}
Event: 22.256 GC heap before
{Heap before GC invocations=24 (full 0):
 garbage-first heap   total 96256K, used 77543K [0x0000000082800000, 0x0000000100000000)
  region size 1024K, 31 young (31744K), 1 survivors (1024K)
 Metaspace       used 71021K, committed 71616K, reserved 1114112K
  class space    used 10618K, committed 10880K, reserved 1048576K
}
Event: 22.260 GC heap after
{Heap after GC invocations=25 (full 0):
 garbage-first heap   total 96256K, used 48012K [0x0000000082800000, 0x0000000100000000)
  region size 1024K, 2 young (2048K), 2 survivors (2048K)
 Metaspace       used 71021K, committed 71616K, reserved 1114112K
  class space    used 10618K, committed 10880K, reserved 1048576K
}
Event: 24.110 GC heap before
{Heap before GC invocations=26 (full 0):
 garbage-first heap   total 96256K, used 78732K [0x0000000082800000, 0x0000000100000000)
  region size 1024K, 32 young (32768K), 2 survivors (2048K)
 Metaspace       used 75742K, committed 76416K, reserved 1114112K
  class space    used 11238K, committed 11520K, reserved 1048576K
}
Event: 24.116 GC heap after
{Heap after GC invocations=27 (full 0):
 garbage-first heap   total 96256K, used 50229K [0x0000000082800000, 0x0000000100000000)
  region size 1024K, 4 young (4096K), 4 survivors (4096K)
 Metaspace       used 75742K, committed 76416K, reserved 1114112K
  class space    used 11238K, committed 11520K, reserved 1048576K
}
Event: 24.145 GC heap before
{Heap before GC invocations=27 (full 0):
 garbage-first heap   total 96256K, used 51253K [0x0000000082800000, 0x0000000100000000)
  region size 1024K, 5 young (5120K), 4 survivors (4096K)
 Metaspace       used 75898K, committed 76544K, reserved 1114112K
  class space    used 11244K, committed 11520K, reserved 1048576K
}
Event: 24.151 GC heap after
{Heap after GC invocations=28 (full 0):
 garbage-first heap   total 96256K, used 50187K [0x0000000082800000, 0x0000000100000000)
  region size 1024K, 1 young (1024K), 1 survivors (1024K)
 Metaspace       used 75898K, committed 76544K, reserved 1114112K
  class space    used 11244K, committed 11520K, reserved 1048576K
}
Event: 25.213 GC heap before
{Heap before GC invocations=28 (full 0):
 garbage-first heap   total 96256K, used 78859K [0x0000000082800000, 0x0000000100000000)
  region size 1024K, 29 young (29696K), 1 survivors (1024K)
 Metaspace       used 82330K, committed 83008K, reserved 1179648K
  class space    used 12022K, committed 12352K, reserved 1048576K
}
Event: 25.217 GC heap after
{Heap after GC invocations=29 (full 0):
 garbage-first heap   total 96256K, used 52179K [0x0000000082800000, 0x0000000100000000)
  region size 1024K, 3 young (3072K), 3 survivors (3072K)
 Metaspace       used 82330K, committed 83008K, reserved 1179648K
  class space    used 12022K, committed 12352K, reserved 1048576K
}
Event: 26.052 GC heap before
{Heap before GC invocations=30 (full 0):
 garbage-first heap   total 96256K, used 77779K [0x0000000082800000, 0x0000000100000000)
  region size 1024K, 29 young (29696K), 3 survivors (3072K)
 Metaspace       used 84492K, committed 85248K, reserved 1179648K
  class space    used 12346K, committed 12672K, reserved 1048576K
}
Event: 26.058 GC heap after
{Heap after GC invocations=31 (full 0):
 garbage-first heap   total 96256K, used 55689K [0x0000000082800000, 0x0000000100000000)
  region size 1024K, 4 young (4096K), 4 survivors (4096K)
 Metaspace       used 84492K, committed 85248K, reserved 1179648K
  class space    used 12346K, committed 12672K, reserved 1048576K
}
Event: 26.066 GC heap before
{Heap before GC invocations=31 (full 0):
 garbage-first heap   total 96256K, used 56713K [0x0000000082800000, 0x0000000100000000)
  region size 1024K, 5 young (5120K), 4 survivors (4096K)
 Metaspace       used 84492K, committed 85248K, reserved 1179648K
  class space    used 12346K, committed 12672K, reserved 1048576K
}
Event: 26.071 GC heap after
{Heap after GC invocations=32 (full 0):
 garbage-first heap   total 96256K, used 55805K [0x0000000082800000, 0x0000000100000000)
  region size 1024K, 1 young (1024K), 1 survivors (1024K)
 Metaspace       used 84492K, committed 85248K, reserved 1179648K
  class space    used 12346K, committed 12672K, reserved 1048576K
}
Event: 26.258 GC heap before
{Heap before GC invocations=32 (full 0):
 garbage-first heap   total 96256K, used 78333K [0x0000000082800000, 0x0000000100000000)
  region size 1024K, 23 young (23552K), 1 survivors (1024K)
 Metaspace       used 84571K, committed 85312K, reserved 1179648K
  class space    used 12359K, committed 12672K, reserved 1048576K
}
Event: 26.262 GC heap after
{Heap after GC invocations=33 (full 0):
 garbage-first heap   total 225280K, used 56797K [0x0000000082800000, 0x0000000100000000)
  region size 1024K, 2 young (2048K), 2 survivors (2048K)
 Metaspace       used 84571K, committed 85312K, reserved 1179648K
  class space    used 12359K, committed 12672K, reserved 1048576K
}
Event: 27.508 GC heap before
{Heap before GC invocations=34 (full 0):
 garbage-first heap   total 201728K, used 185821K [0x0000000082800000, 0x0000000100000000)
  region size 1024K, 127 young (130048K), 2 survivors (2048K)
 Metaspace       used 84703K, committed 85440K, reserved 1179648K
  class space    used 12383K, committed 12736K, reserved 1048576K
}

